<?xml version="1.0" encoding="UTF-8"?>
<robot generator="Robot 7.0 (Python 3.12.1 on win32)" generated="2024-01-22T17:56:11.306082" rpa="false" schemaversion="5">
<suite id="s1" name="Favoritos" source="C:\TestLoomi\tests\favoritos.robot">
<test id="s1-t1" name="Favoritar partidas e navegar para a pagina favoritos" line="9">
<kw name="Start session and create account" owner="base" type="SETUP">
<kw name="New Browser" owner="Browser">
<msg time="2024-01-22T17:56:12.842857" level="INFO">{"browser": "chromium", "headless": false, "chromiumSandbox": false, "devtools": false, "handleSIGHUP": true, "handleSIGINT": true, "handleSIGTERM": true, "slowMo": 0.0, "timeout": 30000.0, "tracesDir": "C:\\TestLoomi\\tests\\logs\\browser\\traces\\9cb22f8d-89fc-4a86-8dc1-0f02680ff007"}</msg>
<msg time="2024-01-22T17:56:13.738732" level="INFO">Successfully created browser with options: {"browser":"chromium","headless":false,"chromiumSandbox":false,"devtools":false,"handleSIGHUP":true,"handleSIGINT":true,"handleSIGTERM":true,"slowMo":0,"timeout":30000,"tracesDir":"C:\\TestLoomi\\tests\\logs\\browser\\traces\\9cb22f8d-89fc-4a86-8dc1-0f02680ff007"}</msg>
<arg>browser=chromium</arg>
<arg>headless=False</arg>
<tag>BrowserControl</tag>
<tag>Setter</tag>
<doc>Create a new playwright Browser with specified options.</doc>
<status status="PASS" start="2024-01-22T17:56:12.842266" elapsed="0.897470"/>
</kw>
<kw name="New Page" owner="Browser">
<msg time="2024-01-22T17:56:15.397890" level="INFO">Successfully initialized new page object and opened url: https://www.kasa.live/</msg>
<msg time="2024-01-22T17:56:15.397890" level="INFO">No context was open. New context was automatically opened when this page is created.</msg>
<arg>https://www.kasa.live/</arg>
<tag>BrowserControl</tag>
<tag>Setter</tag>
<doc>Open a new Page.</doc>
<status status="PASS" start="2024-01-22T17:56:13.739736" elapsed="1.658154"/>
</kw>
<kw name="Wait For Elements State" owner="Browser">
<msg time="2024-01-22T17:56:16.722062" level="INFO">Waited for Element with selector xpath=//div//button[contains(@data-cy,'btn-trigger-profile')] at state visible</msg>
<arg>xpath=//div//button[contains(@data-cy,'btn-trigger-profile')]</arg>
<arg>visible</arg>
<arg>5</arg>
<tag>PageContent</tag>
<tag>Wait</tag>
<doc>Waits for the element found by ``selector`` to satisfy state option.</doc>
<status status="PASS" start="2024-01-22T17:56:15.397890" elapsed="1.324172"/>
</kw>
<kw name="Create account" owner="base">
<kw name="Set Variable" owner="BuiltIn">
<msg time="2024-01-22T17:56:16.723199" level="INFO">${userName} = teste</msg>
<var>${userName}</var>
<arg>teste</arg>
<doc>Returns the given values which can then be assigned to a variables.</doc>
<status status="PASS" start="2024-01-22T17:56:16.723199" elapsed="0.000000"/>
</kw>
<kw name="Set Variable" owner="BuiltIn">
<msg time="2024-01-22T17:56:16.723199" level="INFO">${userEmail} = teste@teste.broken.com</msg>
<var>${userEmail}</var>
<arg>teste@teste.broken.com</arg>
<doc>Returns the given values which can then be assigned to a variables.</doc>
<status status="PASS" start="2024-01-22T17:56:16.723199" elapsed="0.000000"/>
</kw>
<kw name="Set Variable" owner="BuiltIn">
<msg time="2024-01-22T17:56:16.724200" level="INFO">${userPassword} = teste123</msg>
<var>${userPassword}</var>
<arg>teste123</arg>
<doc>Returns the given values which can then be assigned to a variables.</doc>
<status status="PASS" start="2024-01-22T17:56:16.724200" elapsed="0.000000"/>
</kw>
<kw name="Click" owner="Browser">
<arg>xpath=//div//button[contains(@data-cy,'btn-trigger-profile')]</arg>
<tag>PageContent</tag>
<tag>Setter</tag>
<doc>Simulates mouse click on the element found by ``selector``.</doc>
<status status="PASS" start="2024-01-22T17:56:16.724200" elapsed="1.011623"/>
</kw>
<kw name="Click" owner="Browser">
<arg>xpath=//div//button[contains(@data-cy,'login-createAccount')]</arg>
<tag>PageContent</tag>
<tag>Setter</tag>
<doc>Simulates mouse click on the element found by ``selector``.</doc>
<status status="PASS" start="2024-01-22T17:56:17.735823" elapsed="1.065053"/>
</kw>
<kw name="Fill Text" owner="Browser">
<msg time="2024-01-22T17:56:18.806531" level="INFO">Fills the text 'teste' in the given field.</msg>
<arg>css=input[name=name]</arg>
<arg>${userName}</arg>
<tag>PageContent</tag>
<tag>Setter</tag>
<doc>Clears and fills the given ``txt`` into the text field found by ``selector``.</doc>
<status status="PASS" start="2024-01-22T17:56:18.802597" elapsed="0.255527"/>
</kw>
<kw name="Fill Text" owner="Browser">
<msg time="2024-01-22T17:56:19.062644" level="INFO">Fills the text 'teste@teste.broken.com' in the given field.</msg>
<arg>css=input[name=email]</arg>
<arg>${userEmail}</arg>
<tag>PageContent</tag>
<tag>Setter</tag>
<doc>Clears and fills the given ``txt`` into the text field found by ``selector``.</doc>
<status status="PASS" start="2024-01-22T17:56:19.059154" elapsed="0.495990"/>
</kw>
<kw name="Fill Text" owner="Browser">
<msg time="2024-01-22T17:56:19.557264" level="INFO">Fills the text 'teste123' in the given field.</msg>
<arg>css=input[name=password]</arg>
<arg>${userPassword}</arg>
<tag>PageContent</tag>
<tag>Setter</tag>
<doc>Clears and fills the given ``txt`` into the text field found by ``selector``.</doc>
<status status="PASS" start="2024-01-22T17:56:19.556267" elapsed="0.160648"/>
</kw>
<kw name="Fill Text" owner="Browser">
<msg time="2024-01-22T17:56:19.718915" level="INFO">Fills the text 'teste123' in the given field.</msg>
<arg>css=input[name=confirmPassword]</arg>
<arg>${userPassword}</arg>
<tag>PageContent</tag>
<tag>Setter</tag>
<doc>Clears and fills the given ``txt`` into the text field found by ``selector``.</doc>
<status status="PASS" start="2024-01-22T17:56:19.717919" elapsed="0.074247"/>
</kw>
<kw name="Click" owner="Browser">
<arg>xpath=//div//button[contains(@data-cy,'register-submit')]</arg>
<tag>PageContent</tag>
<tag>Setter</tag>
<doc>Simulates mouse click on the element found by ``selector``.</doc>
<status status="PASS" start="2024-01-22T17:56:19.793174" elapsed="0.271968"/>
</kw>
<status status="PASS" start="2024-01-22T17:56:16.722062" elapsed="3.343080"/>
</kw>
<status status="PASS" start="2024-01-22T17:56:12.841266" elapsed="7.223876"/>
</kw>
<kw name="Given the User choose the match to add in Favorites" owner="Favorito">
<kw name="Click" owner="Browser">
<arg>xpath=(//button[@aria-label='Favoritar Partida']//img)[1]</arg>
<tag>PageContent</tag>
<tag>Setter</tag>
<doc>Simulates mouse click on the element found by ``selector``.</doc>
<status status="PASS" start="2024-01-22T17:56:20.066140" elapsed="3.836657"/>
</kw>
<status status="PASS" start="2024-01-22T17:56:20.066140" elapsed="3.837691"/>
</kw>
<kw name="When the user goes to favorites Page" owner="Favorito">
<kw name="Click" owner="Browser">
<arg>xpath=//p[text()='Favoritos']</arg>
<tag>PageContent</tag>
<tag>Setter</tag>
<doc>Simulates mouse click on the element found by ``selector``.</doc>
<status status="PASS" start="2024-01-22T17:56:23.905817" elapsed="0.119602"/>
</kw>
<status status="PASS" start="2024-01-22T17:56:23.905817" elapsed="0.119602"/>
</kw>
<kw name="Then Assert that the match choose is on the Page" owner="Favorito">
<kw name="Get Text" owner="Browser">
<msg time="2024-01-22T17:56:24.829946" level="INFO">Text: 'Napoli'</msg>
<msg time="2024-01-22T17:56:24.830944" level="INFO">${NomeDo1Time} = Napoli</msg>
<var>${NomeDo1Time}</var>
<arg>xpath=(//div[@class="css-5prxxc"]//p[contains(.,'')]/following::p)[1]</arg>
<tag>Assertion</tag>
<tag>Getter</tag>
<tag>PageContent</tag>
<doc>Returns text attribute of the element found by ``selector``.</doc>
<status status="PASS" start="2024-01-22T17:56:24.026420" elapsed="0.804524"/>
</kw>
<kw name="Log" owner="BuiltIn">
<msg time="2024-01-22T17:56:24.835484" level="INFO">Napoli</msg>
<arg>${NomeDo1Time}</arg>
<doc>Logs the given message with the given level.</doc>
<status status="PASS" start="2024-01-22T17:56:24.834496" elapsed="0.000988"/>
</kw>
<kw name="Wait For Elements State" owner="Browser">
<msg time="2024-01-22T17:56:24.892934" level="INFO">Waited for Element with selector xpath=(//p[@title='Napoli'])[1] at state visible</msg>
<arg>xpath=(//p[@title='${NomeDo1Time}'])[1]</arg>
<arg>visible</arg>
<tag>PageContent</tag>
<tag>Wait</tag>
<doc>Waits for the element found by ``selector`` to satisfy state option.</doc>
<status status="PASS" start="2024-01-22T17:56:24.836483" elapsed="0.056451"/>
</kw>
<kw name="Get Text" owner="Browser">
<msg time="2024-01-22T17:56:25.044475" level="INFO">Text: 'Napoli'</msg>
<arg>xpath=(//p[@title='${NomeDo1Time}'])[1]</arg>
<arg>equals</arg>
<arg>${NomeDo1Time}</arg>
<tag>Assertion</tag>
<tag>Getter</tag>
<tag>PageContent</tag>
<doc>Returns text attribute of the element found by ``selector``.</doc>
<status status="PASS" start="2024-01-22T17:56:24.893947" elapsed="0.150528"/>
</kw>
<status status="PASS" start="2024-01-22T17:56:24.025419" elapsed="1.019056"/>
</kw>
<kw name="Finish session And exclude account" owner="base" type="TEARDOWN">
<kw name="Click" owner="Browser">
<arg>xpath=//div[contains(@data-cy,'btn-trigger-profile')]</arg>
<tag>PageContent</tag>
<tag>Setter</tag>
<doc>Simulates mouse click on the element found by ``selector``.</doc>
<status status="PASS" start="2024-01-22T17:56:25.045473" elapsed="5.770088"/>
</kw>
<kw name="Click" owner="Browser">
<arg>xpath=//div//button[contains(@data-cy,'btn-delete-profile')]</arg>
<tag>PageContent</tag>
<tag>Setter</tag>
<doc>Simulates mouse click on the element found by ``selector``.</doc>
<status status="PASS" start="2024-01-22T17:56:30.816566" elapsed="0.261014"/>
</kw>
<kw name="Click" owner="Browser">
<arg>xpath=//button[@data-cy='alert-dialog-submit']</arg>
<tag>PageContent</tag>
<tag>Setter</tag>
<doc>Simulates mouse click on the element found by ``selector``.</doc>
<status status="PASS" start="2024-01-22T17:56:31.077580" elapsed="0.243604"/>
</kw>
<kw name="Wait For Elements State" owner="Browser">
<msg time="2024-01-22T17:56:32.705829" level="INFO">Waited for Element with selector xpath=//div[@class="Toastify"]/child::div at state visible</msg>
<arg>xpath=//div[@class="Toastify"]/child::div</arg>
<arg>visible</arg>
<tag>PageContent</tag>
<tag>Wait</tag>
<doc>Waits for the element found by ``selector`` to satisfy state option.</doc>
<status status="PASS" start="2024-01-22T17:56:31.321184" elapsed="1.384645"/>
</kw>
<status status="PASS" start="2024-01-22T17:56:25.045473" elapsed="7.660356"/>
</kw>
<tag>FavoriteMatches</tag>
<status status="PASS" start="2024-01-22T17:56:12.838375" elapsed="19.867454"/>
</test>
<test id="s1-t2" name="Desfavoritar partidas" line="19">
<kw name="Start session and create account" owner="base" type="SETUP">
<kw name="New Browser" owner="Browser">
<msg time="2024-01-22T17:56:32.942468" level="INFO">Switching browser to browser=f4ed6b04-2774-4e13-9be4-bc0d0bc725fb</msg>
<msg time="2024-01-22T17:56:32.949433" level="INFO">Successfully changed active browser: browser=f4ed6b04-2774-4e13-9be4-bc0d0bc725fb</msg>
<msg time="2024-01-22T17:56:32.949433" level="INFO">Reusing existing browser with id: browser=f4ed6b04-2774-4e13-9be4-bc0d0bc725fb</msg>
<arg>browser=chromium</arg>
<arg>headless=False</arg>
<tag>BrowserControl</tag>
<tag>Setter</tag>
<doc>Create a new playwright Browser with specified options.</doc>
<status status="PASS" start="2024-01-22T17:56:32.936884" elapsed="0.012549"/>
</kw>
<kw name="New Page" owner="Browser">
<msg time="2024-01-22T17:56:35.044790" level="INFO">Successfully initialized new page object and opened url: https://www.kasa.live/</msg>
<msg time="2024-01-22T17:56:35.044790" level="INFO">No context was open. New context was automatically opened when this page is created.</msg>
<arg>https://www.kasa.live/</arg>
<tag>BrowserControl</tag>
<tag>Setter</tag>
<doc>Open a new Page.</doc>
<status status="PASS" start="2024-01-22T17:56:32.950435" elapsed="2.094355"/>
</kw>
<kw name="Wait For Elements State" owner="Browser">
<msg time="2024-01-22T17:56:37.832474" level="INFO">Waited for Element with selector xpath=//div//button[contains(@data-cy,'btn-trigger-profile')] at state visible</msg>
<arg>xpath=//div//button[contains(@data-cy,'btn-trigger-profile')]</arg>
<arg>visible</arg>
<arg>5</arg>
<tag>PageContent</tag>
<tag>Wait</tag>
<doc>Waits for the element found by ``selector`` to satisfy state option.</doc>
<status status="PASS" start="2024-01-22T17:56:35.044790" elapsed="2.787684"/>
</kw>
<kw name="Create account" owner="base">
<kw name="Set Variable" owner="BuiltIn">
<msg time="2024-01-22T17:56:37.833986" level="INFO">${userName} = teste</msg>
<var>${userName}</var>
<arg>teste</arg>
<doc>Returns the given values which can then be assigned to a variables.</doc>
<status status="PASS" start="2024-01-22T17:56:37.833986" elapsed="0.000000"/>
</kw>
<kw name="Set Variable" owner="BuiltIn">
<msg time="2024-01-22T17:56:37.834996" level="INFO">${userEmail} = teste@teste.broken.com</msg>
<var>${userEmail}</var>
<arg>teste@teste.broken.com</arg>
<doc>Returns the given values which can then be assigned to a variables.</doc>
<status status="PASS" start="2024-01-22T17:56:37.833986" elapsed="0.001010"/>
</kw>
<kw name="Set Variable" owner="BuiltIn">
<msg time="2024-01-22T17:56:37.834996" level="INFO">${userPassword} = teste123</msg>
<var>${userPassword}</var>
<arg>teste123</arg>
<doc>Returns the given values which can then be assigned to a variables.</doc>
<status status="PASS" start="2024-01-22T17:56:37.834996" elapsed="0.000000"/>
</kw>
<kw name="Click" owner="Browser">
<arg>xpath=//div//button[contains(@data-cy,'btn-trigger-profile')]</arg>
<tag>PageContent</tag>
<tag>Setter</tag>
<doc>Simulates mouse click on the element found by ``selector``.</doc>
<status status="PASS" start="2024-01-22T17:56:37.834996" elapsed="0.355207"/>
</kw>
<kw name="Click" owner="Browser">
<arg>xpath=//div//button[contains(@data-cy,'login-createAccount')]</arg>
<tag>PageContent</tag>
<tag>Setter</tag>
<doc>Simulates mouse click on the element found by ``selector``.</doc>
<status status="PASS" start="2024-01-22T17:56:38.191205" elapsed="0.556269"/>
</kw>
<kw name="Fill Text" owner="Browser">
<msg time="2024-01-22T17:56:38.748481" level="INFO">Fills the text 'teste' in the given field.</msg>
<arg>css=input[name=name]</arg>
<arg>${userName}</arg>
<tag>PageContent</tag>
<tag>Setter</tag>
<doc>Clears and fills the given ``txt`` into the text field found by ``selector``.</doc>
<status status="PASS" start="2024-01-22T17:56:38.748481" elapsed="0.097927"/>
</kw>
<kw name="Fill Text" owner="Browser">
<msg time="2024-01-22T17:56:38.846408" level="INFO">Fills the text 'teste@teste.broken.com' in the given field.</msg>
<arg>css=input[name=email]</arg>
<arg>${userEmail}</arg>
<tag>PageContent</tag>
<tag>Setter</tag>
<doc>Clears and fills the given ``txt`` into the text field found by ``selector``.</doc>
<status status="PASS" start="2024-01-22T17:56:38.846408" elapsed="0.192919"/>
</kw>
<kw name="Fill Text" owner="Browser">
<msg time="2024-01-22T17:56:39.041330" level="INFO">Fills the text 'teste123' in the given field.</msg>
<arg>css=input[name=password]</arg>
<arg>${userPassword}</arg>
<tag>PageContent</tag>
<tag>Setter</tag>
<doc>Clears and fills the given ``txt`` into the text field found by ``selector``.</doc>
<status status="PASS" start="2024-01-22T17:56:39.040328" elapsed="0.154789"/>
</kw>
<kw name="Fill Text" owner="Browser">
<msg time="2024-01-22T17:56:39.199100" level="INFO">Fills the text 'teste123' in the given field.</msg>
<arg>css=input[name=confirmPassword]</arg>
<arg>${userPassword}</arg>
<tag>PageContent</tag>
<tag>Setter</tag>
<doc>Clears and fills the given ``txt`` into the text field found by ``selector``.</doc>
<status status="PASS" start="2024-01-22T17:56:39.197102" elapsed="0.176691"/>
</kw>
<kw name="Click" owner="Browser">
<arg>xpath=//div//button[contains(@data-cy,'register-submit')]</arg>
<tag>PageContent</tag>
<tag>Setter</tag>
<doc>Simulates mouse click on the element found by ``selector``.</doc>
<status status="PASS" start="2024-01-22T17:56:39.373793" elapsed="0.559153"/>
</kw>
<status status="PASS" start="2024-01-22T17:56:37.832980" elapsed="2.100963"/>
</kw>
<status status="PASS" start="2024-01-22T17:56:32.934882" elapsed="6.999061"/>
</kw>
<kw name="Given the User choose the match to add in Favorites" owner="Favorito">
<kw name="Click" owner="Browser">
<arg>xpath=(//button[@aria-label='Favoritar Partida']//img)[1]</arg>
<tag>PageContent</tag>
<tag>Setter</tag>
<doc>Simulates mouse click on the element found by ``selector``.</doc>
<status status="PASS" start="2024-01-22T17:56:39.937955" elapsed="4.807604"/>
</kw>
<status status="PASS" start="2024-01-22T17:56:39.934948" elapsed="4.810611"/>
</kw>
<kw name="When the user goes to favorites Page" owner="Favorito">
<kw name="Click" owner="Browser">
<arg>xpath=//p[text()='Favoritos']</arg>
<tag>PageContent</tag>
<tag>Setter</tag>
<doc>Simulates mouse click on the element found by ``selector``.</doc>
<status status="PASS" start="2024-01-22T17:56:44.746558" elapsed="0.101636"/>
</kw>
<status status="PASS" start="2024-01-22T17:56:44.745559" elapsed="0.103626"/>
</kw>
<kw name="Then the user can Disfavorite the match" owner="Favorito">
<kw name="Click" owner="Browser">
<arg>xpath=(//button[@aria-label='Favoritar Partida']//img)[1]</arg>
<tag>PageContent</tag>
<tag>Setter</tag>
<doc>Simulates mouse click on the element found by ``selector``.</doc>
<status status="PASS" start="2024-01-22T17:56:44.851170" elapsed="0.494318"/>
</kw>
<kw name="Wait For Elements State" owner="Browser">
<msg time="2024-01-22T17:56:46.958213" level="INFO">Waited for Element with selector xpath=//p[text()='Sem resultados de busca para partidas ao vivo, seleção de melhores partidas, próximas partidas e partidas finalizadas.'] at state visible</msg>
<arg>xpath=//p[text()='Sem resultados de busca para partidas ao vivo, seleção de melhores partidas, próximas partidas e partidas finalizadas.']</arg>
<arg>visible</arg>
<tag>PageContent</tag>
<tag>Wait</tag>
<doc>Waits for the element found by ``selector`` to satisfy state option.</doc>
<status status="PASS" start="2024-01-22T17:56:45.345488" elapsed="1.613724"/>
</kw>
<kw name="Take Screenshot" owner="Browser">
<msg time="2024-01-22T17:56:47.208857" level="INFO" html="true">&lt;/td&gt;&lt;/tr&gt;&lt;tr&gt;&lt;td colspan="3"&gt;&lt;a href="browser/screenshot/robotframework-browser-screenshot-1.png" target="_blank"&gt;&lt;img src="browser/screenshot/robotframework-browser-screenshot-1.png" width="800px"/&gt;&lt;/a&gt;</msg>
<tag>PageContent</tag>
<doc>Takes a screenshot of the current window or element and saves it to disk.</doc>
<status status="PASS" start="2024-01-22T17:56:46.959212" elapsed="0.249645"/>
</kw>
<status status="PASS" start="2024-01-22T17:56:44.851170" elapsed="2.358686"/>
</kw>
<kw name="Finish session And exclude account" owner="base" type="TEARDOWN">
<kw name="Click" owner="Browser">
<arg>xpath=//div[contains(@data-cy,'btn-trigger-profile')]</arg>
<tag>PageContent</tag>
<tag>Setter</tag>
<doc>Simulates mouse click on the element found by ``selector``.</doc>
<status status="PASS" start="2024-01-22T17:56:47.209856" elapsed="3.326465"/>
</kw>
<kw name="Click" owner="Browser">
<arg>xpath=//div//button[contains(@data-cy,'btn-delete-profile')]</arg>
<tag>PageContent</tag>
<tag>Setter</tag>
<doc>Simulates mouse click on the element found by ``selector``.</doc>
<status status="PASS" start="2024-01-22T17:56:50.537340" elapsed="0.274481"/>
</kw>
<kw name="Click" owner="Browser">
<arg>xpath=//button[@data-cy='alert-dialog-submit']</arg>
<tag>PageContent</tag>
<tag>Setter</tag>
<doc>Simulates mouse click on the element found by ``selector``.</doc>
<status status="PASS" start="2024-01-22T17:56:50.814834" elapsed="0.256798"/>
</kw>
<kw name="Wait For Elements State" owner="Browser">
<msg time="2024-01-22T17:56:52.462011" level="INFO">Waited for Element with selector xpath=//div[@class="Toastify"]/child::div at state visible</msg>
<arg>xpath=//div[@class="Toastify"]/child::div</arg>
<arg>visible</arg>
<tag>PageContent</tag>
<tag>Wait</tag>
<doc>Waits for the element found by ``selector`` to satisfy state option.</doc>
<status status="PASS" start="2024-01-22T17:56:51.071724" elapsed="1.390287"/>
</kw>
<status status="PASS" start="2024-01-22T17:56:47.209856" elapsed="5.252155"/>
</kw>
<tag>UnFavoriteMatches</tag>
<status status="PASS" start="2024-01-22T17:56:32.928325" elapsed="19.534694"/>
</test>
<test id="s1-t3" name="Favoritar times" line="28">
<kw name="Start session and create account" owner="base" type="SETUP">
<kw name="New Browser" owner="Browser">
<msg time="2024-01-22T17:56:52.637069" level="INFO">Switching browser to browser=f4ed6b04-2774-4e13-9be4-bc0d0bc725fb</msg>
<msg time="2024-01-22T17:56:52.640071" level="INFO">Successfully changed active browser: browser=f4ed6b04-2774-4e13-9be4-bc0d0bc725fb</msg>
<msg time="2024-01-22T17:56:52.640071" level="INFO">Reusing existing browser with id: browser=f4ed6b04-2774-4e13-9be4-bc0d0bc725fb</msg>
<arg>browser=chromium</arg>
<arg>headless=False</arg>
<tag>BrowserControl</tag>
<tag>Setter</tag>
<doc>Create a new playwright Browser with specified options.</doc>
<status status="PASS" start="2024-01-22T17:56:52.636071" elapsed="0.004000"/>
</kw>
<kw name="New Page" owner="Browser">
<msg time="2024-01-22T17:56:54.683859" level="INFO">Successfully initialized new page object and opened url: https://www.kasa.live/</msg>
<msg time="2024-01-22T17:56:54.684791" level="INFO">No context was open. New context was automatically opened when this page is created.</msg>
<arg>https://www.kasa.live/</arg>
<tag>BrowserControl</tag>
<tag>Setter</tag>
<doc>Open a new Page.</doc>
<status status="PASS" start="2024-01-22T17:56:52.640071" elapsed="2.044720"/>
</kw>
<kw name="Wait For Elements State" owner="Browser">
<msg time="2024-01-22T17:56:57.325763" level="INFO">Waited for Element with selector xpath=//div//button[contains(@data-cy,'btn-trigger-profile')] at state visible</msg>
<arg>xpath=//div//button[contains(@data-cy,'btn-trigger-profile')]</arg>
<arg>visible</arg>
<arg>5</arg>
<tag>PageContent</tag>
<tag>Wait</tag>
<doc>Waits for the element found by ``selector`` to satisfy state option.</doc>
<status status="PASS" start="2024-01-22T17:56:54.686791" elapsed="2.638972"/>
</kw>
<kw name="Create account" owner="base">
<kw name="Set Variable" owner="BuiltIn">
<msg time="2024-01-22T17:56:57.326763" level="INFO">${userName} = teste</msg>
<var>${userName}</var>
<arg>teste</arg>
<doc>Returns the given values which can then be assigned to a variables.</doc>
<status status="PASS" start="2024-01-22T17:56:57.326763" elapsed="0.000000"/>
</kw>
<kw name="Set Variable" owner="BuiltIn">
<msg time="2024-01-22T17:56:57.327767" level="INFO">${userEmail} = teste@teste.broken.com</msg>
<var>${userEmail}</var>
<arg>teste@teste.broken.com</arg>
<doc>Returns the given values which can then be assigned to a variables.</doc>
<status status="PASS" start="2024-01-22T17:56:57.327767" elapsed="0.000000"/>
</kw>
<kw name="Set Variable" owner="BuiltIn">
<msg time="2024-01-22T17:56:57.327767" level="INFO">${userPassword} = teste123</msg>
<var>${userPassword}</var>
<arg>teste123</arg>
<doc>Returns the given values which can then be assigned to a variables.</doc>
<status status="PASS" start="2024-01-22T17:56:57.327767" elapsed="0.000000"/>
</kw>
<kw name="Click" owner="Browser">
<arg>xpath=//div//button[contains(@data-cy,'btn-trigger-profile')]</arg>
<tag>PageContent</tag>
<tag>Setter</tag>
<doc>Simulates mouse click on the element found by ``selector``.</doc>
<status status="PASS" start="2024-01-22T17:56:57.327767" elapsed="0.293815"/>
</kw>
<kw name="Click" owner="Browser">
<arg>xpath=//div//button[contains(@data-cy,'login-createAccount')]</arg>
<tag>PageContent</tag>
<tag>Setter</tag>
<doc>Simulates mouse click on the element found by ``selector``.</doc>
<status status="PASS" start="2024-01-22T17:56:57.621582" elapsed="0.612520"/>
</kw>
<kw name="Fill Text" owner="Browser">
<msg time="2024-01-22T17:56:58.234102" level="INFO">Fills the text 'teste' in the given field.</msg>
<arg>css=input[name=name]</arg>
<arg>${userName}</arg>
<tag>PageContent</tag>
<tag>Setter</tag>
<doc>Clears and fills the given ``txt`` into the text field found by ``selector``.</doc>
<status status="PASS" start="2024-01-22T17:56:58.234102" elapsed="0.111141"/>
</kw>
<kw name="Fill Text" owner="Browser">
<msg time="2024-01-22T17:56:58.347279" level="INFO">Fills the text 'teste@teste.broken.com' in the given field.</msg>
<arg>css=input[name=email]</arg>
<arg>${userEmail}</arg>
<tag>PageContent</tag>
<tag>Setter</tag>
<doc>Clears and fills the given ``txt`` into the text field found by ``selector``.</doc>
<status status="PASS" start="2024-01-22T17:56:58.345243" elapsed="0.073373"/>
</kw>
<kw name="Fill Text" owner="Browser">
<msg time="2024-01-22T17:56:58.419577" level="INFO">Fills the text 'teste123' in the given field.</msg>
<arg>css=input[name=password]</arg>
<arg>${userPassword}</arg>
<tag>PageContent</tag>
<tag>Setter</tag>
<doc>Clears and fills the given ``txt`` into the text field found by ``selector``.</doc>
<status status="PASS" start="2024-01-22T17:56:58.418616" elapsed="0.069086"/>
</kw>
<kw name="Fill Text" owner="Browser">
<msg time="2024-01-22T17:56:58.489715" level="INFO">Fills the text 'teste123' in the given field.</msg>
<arg>css=input[name=confirmPassword]</arg>
<arg>${userPassword}</arg>
<tag>PageContent</tag>
<tag>Setter</tag>
<doc>Clears and fills the given ``txt`` into the text field found by ``selector``.</doc>
<status status="PASS" start="2024-01-22T17:56:58.488714" elapsed="0.068834"/>
</kw>
<kw name="Click" owner="Browser">
<arg>xpath=//div//button[contains(@data-cy,'register-submit')]</arg>
<tag>PageContent</tag>
<tag>Setter</tag>
<doc>Simulates mouse click on the element found by ``selector``.</doc>
<status status="PASS" start="2024-01-22T17:56:58.559568" elapsed="0.284944"/>
</kw>
<status status="PASS" start="2024-01-22T17:56:57.326763" elapsed="1.517749"/>
</kw>
<status status="PASS" start="2024-01-22T17:56:52.636071" elapsed="6.208441"/>
</kw>
<kw name="Set Variable" owner="BuiltIn">
<msg time="2024-01-22T17:56:58.845508" level="INFO">${Team} = Sport Recife</msg>
<var>${Team}</var>
<arg>Sport Recife</arg>
<doc>Returns the given values which can then be assigned to a variables.</doc>
<status status="PASS" start="2024-01-22T17:56:58.845508" elapsed="0.000000"/>
</kw>
<kw name="Given the user access the favorite page" owner="Favorito">
<kw name="Click" owner="Browser">
<arg>xpath=//p[text()='Favoritos']</arg>
<tag>PageContent</tag>
<tag>Setter</tag>
<doc>Simulates mouse click on the element found by ``selector``.</doc>
<status status="PASS" start="2024-01-22T17:56:58.846508" elapsed="3.670377"/>
</kw>
<status status="PASS" start="2024-01-22T17:56:58.846508" elapsed="3.670377"/>
</kw>
<kw name="When the user can choose teams to favorite" owner="Favorito">
<kw name="Click" owner="Browser">
<arg>xpath=//button[text()='Favoritar']</arg>
<tag>PageContent</tag>
<tag>Setter</tag>
<doc>Simulates mouse click on the element found by ``selector``.</doc>
<status status="PASS" start="2024-01-22T17:57:02.517882" elapsed="1.686948"/>
</kw>
<kw name="Fill Text" owner="Browser">
<msg time="2024-01-22T17:57:04.205847" level="INFO">Fills the text 'Sport Recife' in the given field.</msg>
<arg>xpath=//input[@data-cy='input-search-teams']</arg>
<arg>${Team}</arg>
<tag>PageContent</tag>
<tag>Setter</tag>
<doc>Clears and fills the given ``txt`` into the text field found by ``selector``.</doc>
<status status="PASS" start="2024-01-22T17:57:04.204830" elapsed="0.289588"/>
</kw>
<kw name="Wait For Elements State" owner="Browser">
<msg time="2024-01-22T17:57:05.145500" level="INFO">Waited for Element with selector xpath=//button[text()='Add'] at state visible</msg>
<arg>xpath=//button[text()='Add']</arg>
<arg>visible</arg>
<arg>5</arg>
<tag>PageContent</tag>
<tag>Wait</tag>
<doc>Waits for the element found by ``selector`` to satisfy state option.</doc>
<status status="PASS" start="2024-01-22T17:57:04.494418" elapsed="0.651082"/>
</kw>
<kw name="Click" owner="Browser">
<arg>xpath=//button[text()='Add']</arg>
<tag>PageContent</tag>
<tag>Setter</tag>
<doc>Simulates mouse click on the element found by ``selector``.</doc>
<status status="PASS" start="2024-01-22T17:57:05.145500" elapsed="0.095847"/>
</kw>
<arg>${Team}</arg>
<status status="PASS" start="2024-01-22T17:57:02.517882" elapsed="2.723465"/>
</kw>
<kw name="Then the user can choose teams to favorite" owner="Favorito">
<kw name="Wait For Elements State" owner="Browser">
<msg time="2024-01-22T17:57:05.258979" level="INFO">Waited for Element with selector xpath=//button[@data-cy='btn-submit-teams'] at state visible</msg>
<arg>xpath=//button[@data-cy='btn-submit-teams']</arg>
<arg>visible</arg>
<arg>5</arg>
<tag>PageContent</tag>
<tag>Wait</tag>
<doc>Waits for the element found by ``selector`` to satisfy state option.</doc>
<status status="PASS" start="2024-01-22T17:57:05.242327" elapsed="0.016652"/>
</kw>
<kw name="Click" owner="Browser">
<arg>xpath=//button[@data-cy='btn-submit-teams']</arg>
<tag>PageContent</tag>
<tag>Setter</tag>
<doc>Simulates mouse click on the element found by ``selector``.</doc>
<status status="PASS" start="2024-01-22T17:57:05.259999" elapsed="0.101303"/>
</kw>
<status status="PASS" start="2024-01-22T17:57:05.242327" elapsed="0.118975"/>
</kw>
<kw name="Finish session And exclude account" owner="base" type="TEARDOWN">
<kw name="Click" owner="Browser">
<arg>xpath=//div[contains(@data-cy,'btn-trigger-profile')]</arg>
<tag>PageContent</tag>
<tag>Setter</tag>
<doc>Simulates mouse click on the element found by ``selector``.</doc>
<status status="PASS" start="2024-01-22T17:57:05.361302" elapsed="4.450146"/>
</kw>
<kw name="Click" owner="Browser">
<arg>xpath=//div//button[contains(@data-cy,'btn-delete-profile')]</arg>
<tag>PageContent</tag>
<tag>Setter</tag>
<doc>Simulates mouse click on the element found by ``selector``.</doc>
<status status="PASS" start="2024-01-22T17:57:09.812465" elapsed="0.267307"/>
</kw>
<kw name="Click" owner="Browser">
<arg>xpath=//button[@data-cy='alert-dialog-submit']</arg>
<tag>PageContent</tag>
<tag>Setter</tag>
<doc>Simulates mouse click on the element found by ``selector``.</doc>
<status status="PASS" start="2024-01-22T17:57:10.081380" elapsed="0.304448"/>
</kw>
<kw name="Wait For Elements State" owner="Browser">
<msg time="2024-01-22T17:57:11.757403" level="INFO">Waited for Element with selector xpath=//div[@class="Toastify"]/child::div at state visible</msg>
<arg>xpath=//div[@class="Toastify"]/child::div</arg>
<arg>visible</arg>
<tag>PageContent</tag>
<tag>Wait</tag>
<doc>Waits for the element found by ``selector`` to satisfy state option.</doc>
<status status="PASS" start="2024-01-22T17:57:10.385828" elapsed="1.371575"/>
</kw>
<status status="PASS" start="2024-01-22T17:57:05.361302" elapsed="6.396101"/>
</kw>
<tag>FavoriteTeams</tag>
<status status="PASS" start="2024-01-22T17:56:52.632069" elapsed="19.126254"/>
</test>
<doc>Testes Para o Site Kasa.Live na pagina de favoritos</doc>
<status status="PASS" start="2024-01-22T17:56:11.308001" elapsed="60.610070"/>
</suite>
<statistics>
<total>
<stat pass="3" fail="0" skip="0">All Tests</stat>
</total>
<tag>
<stat pass="1" fail="0" skip="0">FavoriteMatches</stat>
<stat pass="1" fail="0" skip="0">FavoriteTeams</stat>
<stat pass="1" fail="0" skip="0">UnFavoriteMatches</stat>
</tag>
<suite>
<stat pass="3" fail="0" skip="0" id="s1" name="Favoritos">Favoritos</stat>
</suite>
</statistics>
<errors>
</errors>
</robot>
